<?xml version="1.0" encoding="UTF-8"?>
<testng-results skipped="2" failed="0" ignored="0" total="3" passed="1">
  <reporter-output>
  </reporter-output>
  <suite name="Suite B" duration-ms="0" started-at="2017-03-04T14:23:41Z" finished-at="2017-03-04T14:23:41Z">
    <groups>
    </groups>
  </suite> <!-- Suite B -->
  <suite name="Suite C" duration-ms="0" started-at="2017-03-04T14:23:41Z" finished-at="2017-03-04T14:23:41Z">
    <groups>
    </groups>
  </suite> <!-- Suite C -->
  <suite name="Suite A" duration-ms="29128" started-at="2017-03-04T14:23:11Z" finished-at="2017-03-04T14:23:41Z">
    <groups>
    </groups>
    <test name="GmailLogin" duration-ms="29128" started-at="2017-03-04T14:23:11Z" finished-at="2017-03-04T14:23:41Z">
      <class name="com.omayo.hybrid.testcases.GmailLogin">
        <test-method status="PASS" signature="doLogin(java.util.Hashtable)[pri:0, instance:com.omayo.hybrid.testcases.GmailLogin@11889f4]" name="doLogin" duration-ms="28409" started-at="2017-03-04T19:53:12Z" data-provider="getData" finished-at="2017-03-04T19:53:40Z">
          <params>
            <param index="0">
              <value>
                <![CDATA[{Name=selenium byarun, Username=seleniumbyarun99@gmail.com, Password=DummyPassword1$, Runmode=Y, Browser=Firefox}]]>
              </value>
            </param>
          </params>
          <reporter-output>
          </reporter-output>
        </test-method> <!-- doLogin -->
        <test-method status="SKIP" signature="doLogin(java.util.Hashtable)[pri:0, instance:com.omayo.hybrid.testcases.GmailLogin@11889f4]" name="doLogin" duration-ms="2" started-at="2017-03-04T19:53:40Z" data-provider="getData" finished-at="2017-03-04T19:53:40Z">
          <params>
            <param index="0">
              <value>
                <![CDATA[{Name=xyz, Username=U2, Password=P2, Runmode=N, Browser=Chrome}]]>
              </value>
            </param>
          </params>
          <exception class="org.testng.SkipException">
            <message>
              <![CDATA[Skipping as the Runmode is set to N]]>
            </message>
            <full-stacktrace>
              <![CDATA[org.testng.SkipException: Skipping as the Runmode is set to N
	at com.omayo.hybrid.testcases.GmailLogin.doLogin(GmailLogin.java:53)
	at sun.reflect.NativeMethodAccessorImpl.invoke0(Native Method)
	at sun.reflect.NativeMethodAccessorImpl.invoke(NativeMethodAccessorImpl.java:62)
	at sun.reflect.DelegatingMethodAccessorImpl.invoke(DelegatingMethodAccessorImpl.java:43)
	at java.lang.reflect.Method.invoke(Method.java:498)
	at org.testng.internal.MethodInvocationHelper.invokeMethod(MethodInvocationHelper.java:104)
	at org.testng.internal.Invoker.invokeMethod(Invoker.java:645)
	at org.testng.internal.Invoker.invokeTestMethod(Invoker.java:851)
	at org.testng.internal.Invoker.invokeTestMethods(Invoker.java:1177)
	at org.testng.internal.TestMethodWorker.invokeTestMethods(TestMethodWorker.java:129)
	at org.testng.internal.TestMethodWorker.run(TestMethodWorker.java:112)
	at org.testng.TestRunner.privateRun(TestRunner.java:756)
	at org.testng.TestRunner.run(TestRunner.java:610)
	at org.testng.SuiteRunner.runTest(SuiteRunner.java:387)
	at org.testng.SuiteRunner.runSequentially(SuiteRunner.java:382)
	at org.testng.SuiteRunner.privateRun(SuiteRunner.java:340)
	at org.testng.SuiteRunner.run(SuiteRunner.java:289)
	at org.testng.SuiteRunnerWorker.runSuite(SuiteRunnerWorker.java:52)
	at org.testng.SuiteRunnerWorker.run(SuiteRunnerWorker.java:86)
	at org.testng.TestNG.runSuitesSequentially(TestNG.java:1293)
	at org.testng.TestNG.runSuitesSequentially(TestNG.java:1289)
	at org.testng.TestNG.runSuitesLocally(TestNG.java:1218)
	at org.testng.TestNG.runSuites(TestNG.java:1133)
	at org.testng.TestNG.run(TestNG.java:1104)
	at org.testng.remote.AbstractRemoteTestNG.run(AbstractRemoteTestNG.java:132)
	at org.testng.remote.RemoteTestNG.initAndRun(RemoteTestNG.java:236)
	at org.testng.remote.RemoteTestNG.main(RemoteTestNG.java:81)
]]>
            </full-stacktrace>
          </exception> <!-- org.testng.SkipException -->
          <reporter-output>
          </reporter-output>
        </test-method> <!-- doLogin -->
        <test-method status="SKIP" signature="doLogin(java.util.Hashtable)[pri:0, instance:com.omayo.hybrid.testcases.GmailLogin@11889f4]" name="doLogin" duration-ms="2" started-at="2017-03-04T19:53:40Z" data-provider="getData" finished-at="2017-03-04T19:53:40Z">
          <params>
            <param index="0">
              <value>
                <![CDATA[{Name=abc, Username=U3, Password=P3, Runmode=N, Browser=Firefox}]]>
              </value>
            </param>
          </params>
          <exception class="org.testng.SkipException">
            <message>
              <![CDATA[Skipping as the Runmode is set to N]]>
            </message>
            <full-stacktrace>
              <![CDATA[org.testng.SkipException: Skipping as the Runmode is set to N
	at com.omayo.hybrid.testcases.GmailLogin.doLogin(GmailLogin.java:53)
	at sun.reflect.NativeMethodAccessorImpl.invoke0(Native Method)
	at sun.reflect.NativeMethodAccessorImpl.invoke(NativeMethodAccessorImpl.java:62)
	at sun.reflect.DelegatingMethodAccessorImpl.invoke(DelegatingMethodAccessorImpl.java:43)
	at java.lang.reflect.Method.invoke(Method.java:498)
	at org.testng.internal.MethodInvocationHelper.invokeMethod(MethodInvocationHelper.java:104)
	at org.testng.internal.Invoker.invokeMethod(Invoker.java:645)
	at org.testng.internal.Invoker.invokeTestMethod(Invoker.java:851)
	at org.testng.internal.Invoker.invokeTestMethods(Invoker.java:1177)
	at org.testng.internal.TestMethodWorker.invokeTestMethods(TestMethodWorker.java:129)
	at org.testng.internal.TestMethodWorker.run(TestMethodWorker.java:112)
	at org.testng.TestRunner.privateRun(TestRunner.java:756)
	at org.testng.TestRunner.run(TestRunner.java:610)
	at org.testng.SuiteRunner.runTest(SuiteRunner.java:387)
	at org.testng.SuiteRunner.runSequentially(SuiteRunner.java:382)
	at org.testng.SuiteRunner.privateRun(SuiteRunner.java:340)
	at org.testng.SuiteRunner.run(SuiteRunner.java:289)
	at org.testng.SuiteRunnerWorker.runSuite(SuiteRunnerWorker.java:52)
	at org.testng.SuiteRunnerWorker.run(SuiteRunnerWorker.java:86)
	at org.testng.TestNG.runSuitesSequentially(TestNG.java:1293)
	at org.testng.TestNG.runSuitesSequentially(TestNG.java:1289)
	at org.testng.TestNG.runSuitesLocally(TestNG.java:1218)
	at org.testng.TestNG.runSuites(TestNG.java:1133)
	at org.testng.TestNG.run(TestNG.java:1104)
	at org.testng.remote.AbstractRemoteTestNG.run(AbstractRemoteTestNG.java:132)
	at org.testng.remote.RemoteTestNG.initAndRun(RemoteTestNG.java:236)
	at org.testng.remote.RemoteTestNG.main(RemoteTestNG.java:81)
]]>
            </full-stacktrace>
          </exception> <!-- org.testng.SkipException -->
          <reporter-output>
          </reporter-output>
        </test-method> <!-- doLogin -->
        <test-method status="PASS" signature="quit()[pri:0, instance:com.omayo.hybrid.testcases.GmailLogin@11889f4]" name="quit" is-config="true" duration-ms="565" started-at="2017-03-04T19:53:40Z" finished-at="2017-03-04T19:53:41Z">
          <reporter-output>
          </reporter-output>
        </test-method> <!-- quit -->
      </class> <!-- com.omayo.hybrid.testcases.GmailLogin -->
    </test> <!-- GmailLogin -->
  </suite> <!-- Suite A -->
  <suite name="MySuite" duration-ms="0" started-at="2017-03-04T14:23:41Z" finished-at="2017-03-04T14:23:41Z">
    <groups>
    </groups>
  </suite> <!-- MySuite -->
</testng-results>
